Performing C++ SOURCE FILE Test TR1_SHARED_PTR_USE_MEMORY failed with the following output:
Change Dir: /home/fatemeh/Desktop/Targoman2/Tools/mgiza/mgizapp/CMakeFiles/CMakeTmp

Run Build Command:/usr/bin/make "cmTryCompileExec/fast"
/usr/bin/make -f CMakeFiles/cmTryCompileExec.dir/build.make CMakeFiles/cmTryCompileExec.dir/build
make[1]: Entering directory `/home/fatemeh/Desktop/Targoman2/Tools/mgiza/mgizapp/CMakeFiles/CMakeTmp'
/usr/bin/cmake -E cmake_progress_report /home/fatemeh/Desktop/Targoman2/Tools/mgiza/mgizapp/CMakeFiles/CMakeTmp/CMakeFiles 1
Building CXX object CMakeFiles/cmTryCompileExec.dir/src.cxx.o
/usr/bin/c++    -O3 -DNDEBUG -DWORDINDEX_WITH_4_BYTE -DBINARY_SEARCH_FOR_TTABLE -MD -MP -MF -MT  -DTR1_SHARED_PTR_USE_MEMORY   -o CMakeFiles/cmTryCompileExec.dir/src.cxx.o -c /home/fatemeh/Desktop/Targoman2/Tools/mgiza/mgizapp/CMakeFiles/CMakeTmp/src.cxx
/home/fatemeh/Desktop/Targoman2/Tools/mgiza/mgizapp/CMakeFiles/CMakeTmp/src.cxx: In function ‘int main()’:
/home/fatemeh/Desktop/Targoman2/Tools/mgiza/mgizapp/CMakeFiles/CMakeTmp/src.cxx:4:17: error: ‘std::tr1’ has not been declared
/home/fatemeh/Desktop/Targoman2/Tools/mgiza/mgizapp/CMakeFiles/CMakeTmp/src.cxx:4:33: error: expected primary-expression before ‘int’
/home/fatemeh/Desktop/Targoman2/Tools/mgiza/mgizapp/CMakeFiles/CMakeTmp/src.cxx:4:33: error: expected ‘;’ before ‘int’
make[1]: *** [CMakeFiles/cmTryCompileExec.dir/src.cxx.o] Error 1
make[1]: Leaving directory `/home/fatemeh/Desktop/Targoman2/Tools/mgiza/mgizapp/CMakeFiles/CMakeTmp'
make: *** [cmTryCompileExec/fast] Error 2

Source file was:

        #include <memory>
        int main() {
           std::tr1::shared_ptr<int> ptr;
           return 0;
        }
       
Performing C++ SOURCE FILE Test TR1_UNORDERED_MAP_USE_UNORDERED_MAP failed with the following output:
Change Dir: /home/fatemeh/Desktop/Targoman2/Tools/mgiza/mgizapp/CMakeFiles/CMakeTmp

Run Build Command:/usr/bin/make "cmTryCompileExec/fast"
/usr/bin/make -f CMakeFiles/cmTryCompileExec.dir/build.make CMakeFiles/cmTryCompileExec.dir/build
make[1]: Entering directory `/home/fatemeh/Desktop/Targoman2/Tools/mgiza/mgizapp/CMakeFiles/CMakeTmp'
/usr/bin/cmake -E cmake_progress_report /home/fatemeh/Desktop/Targoman2/Tools/mgiza/mgizapp/CMakeFiles/CMakeTmp/CMakeFiles 1
Building CXX object CMakeFiles/cmTryCompileExec.dir/src.cxx.o
/usr/bin/c++    -O3 -DNDEBUG -DWORDINDEX_WITH_4_BYTE -DBINARY_SEARCH_FOR_TTABLE -MD -MP -MF -MT  -DTR1_UNORDERED_MAP_USE_UNORDERED_MAP   -o CMakeFiles/cmTryCompileExec.dir/src.cxx.o -c /home/fatemeh/Desktop/Targoman2/Tools/mgiza/mgizapp/CMakeFiles/CMakeTmp/src.cxx
In file included from /usr/include/c++/4.6/unordered_map:35:0,
                 from /home/fatemeh/Desktop/Targoman2/Tools/mgiza/mgizapp/CMakeFiles/CMakeTmp/src.cxx:2:
/usr/include/c++/4.6/bits/c++0x_warning.h:32:2: error: #error This file requires compiler and library support for the upcoming ISO C++ standard, C++0x. This support is currently experimental, and must be enabled with the -std=c++0x or -std=gnu++0x compiler options.
/home/fatemeh/Desktop/Targoman2/Tools/mgiza/mgizapp/CMakeFiles/CMakeTmp/src.cxx: In function ‘int main()’:
/home/fatemeh/Desktop/Targoman2/Tools/mgiza/mgizapp/CMakeFiles/CMakeTmp/src.cxx:4:14: error: ‘std::tr1’ has not been declared
/home/fatemeh/Desktop/Targoman2/Tools/mgiza/mgizapp/CMakeFiles/CMakeTmp/src.cxx:4:33: error: expected primary-expression before ‘int’
/home/fatemeh/Desktop/Targoman2/Tools/mgiza/mgizapp/CMakeFiles/CMakeTmp/src.cxx:4:33: error: expected ‘;’ before ‘int’
make[1]: *** [CMakeFiles/cmTryCompileExec.dir/src.cxx.o] Error 1
make[1]: Leaving directory `/home/fatemeh/Desktop/Targoman2/Tools/mgiza/mgizapp/CMakeFiles/CMakeTmp'
make: *** [cmTryCompileExec/fast] Error 2

Source file was:

        #include <unordered_map>
        int main() {
        std::tr1::unordered_map<int, int> m;
        return 0;
        }
       
Determining if the function pthread_create exists in the pthreads failed with the following output:
Change Dir: /home/fatemeh/Desktop/Targoman2/Tools/mgiza/mgizapp/CMakeFiles/CMakeTmp

Run Build Command:/usr/bin/make "cmTryCompileExec/fast"
/usr/bin/make -f CMakeFiles/cmTryCompileExec.dir/build.make CMakeFiles/cmTryCompileExec.dir/build
make[1]: Entering directory `/home/fatemeh/Desktop/Targoman2/Tools/mgiza/mgizapp/CMakeFiles/CMakeTmp'
/usr/bin/cmake -E cmake_progress_report /home/fatemeh/Desktop/Targoman2/Tools/mgiza/mgizapp/CMakeFiles/CMakeTmp/CMakeFiles 1
Building C object CMakeFiles/cmTryCompileExec.dir/CheckFunctionExists.c.o
/usr/bin/gcc   -O3 -DNDEBUG -DWORDINDEX_WITH_4_BYTE -DBINARY_SEARCH_FOR_TTABLE -MD -MP -MF -MT  -DCHECK_FUNCTION_EXISTS=pthread_create   -o CMakeFiles/cmTryCompileExec.dir/CheckFunctionExists.c.o   -c /usr/share/cmake-2.8/Modules/CheckFunctionExists.c
Linking C executable cmTryCompileExec
/usr/bin/cmake -E cmake_link_script CMakeFiles/cmTryCompileExec.dir/link.txt --verbose=1
/usr/bin/gcc   -O3 -DNDEBUG -DWORDINDEX_WITH_4_BYTE -DBINARY_SEARCH_FOR_TTABLE -MD -MP -MF -MT  -DCHECK_FUNCTION_EXISTS=pthread_create    CMakeFiles/cmTryCompileExec.dir/CheckFunctionExists.c.o  -o cmTryCompileExec -rdynamic -lpthreads 
/usr/bin/ld: cannot find -lpthreads
collect2: ld returned 1 exit status
make[1]: *** [cmTryCompileExec] Error 1
make[1]: Leaving directory `/home/fatemeh/Desktop/Targoman2/Tools/mgiza/mgizapp/CMakeFiles/CMakeTmp'
make: *** [cmTryCompileExec/fast] Error 2


